# JRE version: Java(TM) SE Runtime Environment (8.0_144-b01) (build 1.8.0_144-b01)
# Java VM: Java HotSpot(TM) 64-Bit Server VM (25.144-b01 mixed mode windows-amd64 compressed oops)
Heap:
 PSYoungGen      total 1324032K, used 112875K [0x000000076b800000, 0x00000007c0000000, 0x00000007c0000000)
  eden space 1275904K, 8% used [0x000000076b800000,0x000000077263acc8,0x00000007b9600000)
  from space 48128K, 0% used [0x00000007bcd00000,0x00000007bcd00000,0x00000007bfc00000)
  to   space 54272K, 0% used [0x00000007b9600000,0x00000007b9600000,0x00000007bcb00000)
 ParOldGen       total 423936K, used 30021K [0x00000006c2800000, 0x00000006dc600000, 0x000000076b800000)
  object space 423936K, 7% used [0x00000006c2800000,0x00000006c4551630,0x00000006dc600000)
 Metaspace       used 18576K, capacity 19240K, committed 19584K, reserved 1067008K
  class space    used 2369K, capacity 2589K, committed 2688K, reserved 1048576K
GC Heap History (10 events):
Event: 40.188 GC heap before
{Heap before GC invocations=82 (full 20):
 PSYoungGen      total 1331200K, used 525732K [0x000000076b800000, 0x00000007c0000000, 0x00000007c0000000)
  eden space 1277952K, 39% used [0x000000076b800000,0x000000078a388590,0x00000007b9800000)
  from space 53248K, 42% used [0x00000007b9800000,0x00000007bade0c30,0x00000007bcc00000)
  to   space 50176K, 0% used [0x00000007bcf00000,0x00000007bcf00000,0x00000007c0000000)
 ParOldGen       total 339968K, used 23647K [0x00000006c2800000, 0x00000006d7400000, 0x000000076b800000)
  object space 339968K, 6% used [0x00000006c2800000,0x00000006c3f17eb8,0x00000006d7400000)
 Metaspace       used 18564K, capacity 19240K, committed 19584K, reserved 1067008K
  class space    used 2368K, capacity 2589K, committed 2688K, reserved 1048576K
Event: 40.190 GC heap after
Heap after GC invocations=82 (full 20):
 PSYoungGen      total 1334272K, used 8228K [0x000000076b800000, 0x00000007c0000000, 0x00000007c0000000)
  eden space 1284096K, 0% used [0x000000076b800000,0x000000076b800000,0x00000007b9e00000)
  from space 50176K, 16% used [0x00000007bcf00000,0x00000007bd709010,0x00000007c0000000)
  to   space 50176K, 0% used [0x00000007b9e00000,0x00000007b9e00000,0x00000007bcf00000)
 ParOldGen       total 339968K, used 23647K [0x00000006c2800000, 0x00000006d7400000, 0x000000076b800000)
  object space 339968K, 6% used [0x00000006c2800000,0x00000006c3f17eb8,0x00000006d7400000)
 Metaspace       used 18564K, capacity 19240K, committed 19584K, reserved 1067008K
  class space    used 2368K, capacity 2589K, committed 2688K, reserved 1048576K
}
Event: 40.190 GC heap before
{Heap before GC invocations=83 (full 21):
 PSYoungGen      total 1334272K, used 8228K [0x000000076b800000, 0x00000007c0000000, 0x00000007c0000000)
  eden space 1284096K, 0% used [0x000000076b800000,0x000000076b800000,0x00000007b9e00000)
  from space 50176K, 16% used [0x00000007bcf00000,0x00000007bd709010,0x00000007c0000000)
  to   space 50176K, 0% used [0x00000007b9e00000,0x00000007b9e00000,0x00000007bcf00000)
 ParOldGen       total 339968K, used 23647K [0x00000006c2800000, 0x00000006d7400000, 0x000000076b800000)
  object space 339968K, 6% used [0x00000006c2800000,0x00000006c3f17eb8,0x00000006d7400000)
 Metaspace       used 18564K, capacity 19240K, committed 19584K, reserved 1067008K
  class space    used 2368K, capacity 2589K, committed 2688K, reserved 1048576K
Event: 40.204 GC heap after
Heap after GC invocations=83 (full 21):
 PSYoungGen      total 1334272K, used 0K [0x000000076b800000, 0x00000007c0000000, 0x00000007c0000000)
  eden space 1284096K, 0% used [0x000000076b800000,0x000000076b800000,0x00000007b9e00000)
  from space 50176K, 0% used [0x00000007bcf00000,0x00000007bcf00000,0x00000007c0000000)
  to   space 50176K, 0% used [0x00000007b9e00000,0x00000007b9e00000,0x00000007bcf00000)
 ParOldGen       total 339968K, used 15547K [0x00000006c2800000, 0x00000006d7400000, 0x000000076b800000)
  object space 339968K, 4% used [0x00000006c2800000,0x00000006c372ec70,0x00000006d7400000)
 Metaspace       used 18564K, capacity 19240K, committed 19584K, reserved 1067008K
  class space    used 2368K, capacity 2589K, committed 2688K, reserved 1048576K
}
Event: 41.077 GC heap before
{Heap before GC invocations=84 (full 21):
 PSYoungGen      total 1334272K, used 1277506K [0x000000076b800000, 0x00000007c0000000, 0x00000007c0000000)
  eden space 1284096K, 99% used [0x000000076b800000,0x00000007b9790b68,0x00000007b9e00000)
  from space 50176K, 0% used [0x00000007bcf00000,0x00000007bcf00000,0x00000007c0000000)
  to   space 50176K, 0% used [0x00000007b9e00000,0x00000007b9e00000,0x00000007bcf00000)
 ParOldGen       total 339968K, used 23647K [0x00000006c2800000, 0x00000006d7400000, 0x000000076b800000)
  object space 339968K, 6% used [0x00000006c2800000,0x00000006c3f17c80,0x00000006d7400000)
 Metaspace       used 18568K, capacity 19240K, committed 19584K, reserved 1067008K
  class space    used 2368K, capacity 2589K, committed 2688K, reserved 1048576K
Event: 41.078 GC heap after
Heap after GC invocations=84 (full 21):
 PSYoungGen      total 1300480K, used 16360K [0x000000076b800000, 0x00000007bfc00000, 0x00000007c0000000)
  eden space 1284096K, 0% used [0x000000076b800000,0x000000076b800000,0x00000007b9e00000)
  from space 16384K, 99% used [0x00000007b9e00000,0x00000007badfa020,0x00000007bae00000)
  to   space 48128K, 0% used [0x00000007bcd00000,0x00000007bcd00000,0x00000007bfc00000)
 ParOldGen       total 339968K, used 23647K [0x00000006c2800000, 0x00000006d7400000, 0x000000076b800000)
  object space 339968K, 6% used [0x00000006c2800000,0x00000006c3f17c80,0x00000006d7400000)
 Metaspace       used 18568K, capacity 19240K, committed 19584K, reserved 1067008K
  class space    used 2368K, capacity 2589K, committed 2688K, reserved 1048576K
}
Event: 41.508 GC heap before
{Heap before GC invocations=85 (full 21):
 PSYoungGen      total 1300480K, used 692911K [0x000000076b800000, 0x00000007bfc00000, 0x00000007c0000000)
  eden space 1284096K, 52% used [0x000000076b800000,0x0000000794cb1d30,0x00000007b9e00000)
  from space 16384K, 99% used [0x00000007b9e00000,0x00000007badfa020,0x00000007bae00000)
  to   space 48128K, 0% used [0x00000007bcd00000,0x00000007bcd00000,0x00000007bfc00000)
 ParOldGen       total 339968K, used 23647K [0x00000006c2800000, 0x00000006d7400000, 0x000000076b800000)
  object space 339968K, 6% used [0x00000006c2800000,0x00000006c3f17c80,0x00000006d7400000)
 Metaspace       used 18570K, capacity 19240K, committed 19584K, reserved 1067008K
  class space    used 2369K, capacity 2589K, committed 2688K, reserved 1048576K
Event: 41.513 GC heap after
Heap after GC invocations=85 (full 21):
 PSYoungGen      total 1324032K, used 44710K [0x000000076b800000, 0x00000007c0000000, 0x00000007c0000000)
  eden space 1275904K, 0% used [0x000000076b800000,0x000000076b800000,0x00000007b9600000)
  from space 48128K, 92% used [0x00000007bcd00000,0x00000007bf8a9860,0x00000007bfc00000)
  to   space 54272K, 0% used [0x00000007b9600000,0x00000007b9600000,0x00000007bcb00000)
 ParOldGen       total 339968K, used 31747K [0x00000006c2800000, 0x00000006d7400000, 0x000000076b800000)
  object space 339968K, 9% used [0x00000006c2800000,0x00000006c4700c90,0x00000006d7400000)
 Metaspace       used 18570K, capacity 19240K, committed 19584K, reserved 1067008K
  class space    used 2369K, capacity 2589K, committed 2688K, reserved 1048576K
}
Event: 42.551 GC heap before
{Heap before GC invocations=86 (full 22):
 PSYoungGen      total 1324032K, used 1320614K [0x000000076b800000, 0x00000007c0000000, 0x00000007c0000000)
  eden space 1275904K, 100% used [0x000000076b800000,0x00000007b9600000,0x00000007b9600000)
  from space 48128K, 92% used [0x00000007bcd00000,0x00000007bf8a9860,0x00000007bfc00000)
  to   space 54272K, 0% used [0x00000007b9600000,0x00000007b9600000,0x00000007bcb00000)
 ParOldGen       total 434176K, used 430673K [0x00000006c2800000, 0x00000006dd000000, 0x000000076b800000)
  object space 434176K, 99% used [0x00000006c2800000,0x00000006dcc946c0,0x00000006dd000000)
 Metaspace       used 18571K, capacity 19240K, committed 19584K, reserved 1067008K
  class space    used 2369K, capacity 2589K, committed 2688K, reserved 1048576K
Event: 42.571 GC heap after
Heap after GC invocations=86 (full 22):
 PSYoungGen      total 1324032K, used 0K [0x000000076b800000, 0x00000007c0000000, 0x00000007c0000000)
  eden space 1275904K, 0% used [0x000000076b800000,0x000000076b800000,0x00000007b9600000)
  from space 48128K, 0% used [0x00000007bcd00000,0x00000007bcd00000,0x00000007bfc00000)
  to   space 54272K, 0% used [0x00000007b9600000,0x00000007b9600000,0x00000007bcb00000)
 ParOldGen       total 423936K, used 30021K [0x00000006c2800000, 0x00000006dc600000, 0x000000076b800000)
  object space 423936K, 7% used [0x00000006c2800000,0x00000006c4551630,0x00000006dc600000)
 Metaspace       used 18571K, capacity 19240K, committed 19584K, reserved 1067008K
  class space    used 2369K, capacity 2589K, committed 2688K, reserved 1048576K
}

